#
# A fatal error has been detected by the Java Runtime Environment:
#
#  Internal Error (./src/hotspot/share/oops/generateOopMap.cpp:2164), pid=10044, tid=10180
#  fatal error: Illegal class file encountered. Try running with -Xverify:all in method minimo
#
# JRE version: OpenJDK Runtime Environment AdoptOpenJDK (11.0.10+9) (build 11.0.10+9)
# Java VM: OpenJDK 64-Bit Server VM AdoptOpenJDK (11.0.10+9, mixed mode, tiered, compressed oops, g1 gc, windows-amd64)
# No core dump will be written. Minidumps are not enabled by default on client versions of Windows
#
# If you would like to submit a bug report, please visit:
#   https://github.com/AdoptOpenJDK/openjdk-support/issues
#

---------------  S U M M A R Y ------------

Command Line: -agentlib:jdwp=transport=dt_socket,suspend=y,address=localhost:50538 -javaagent:C:\Users\marco\eclipse\jee-2020-12\eclipse\configuration\org.eclipse.osgi\405\0\.cp\lib\javaagent-shaded.jar -Dfile.encoding=Cp1252 --module-path=C:\Users\marco\OneDrive\Escritorio\workspaceJava\tp\bin -Djdk.module.main=tp tp/tp.Recursion

Host: Intel(R) Core(TM) i5-3210M CPU @ 2.50GHz, 4 cores, 3G,  Windows 10 , 64 bit Build 19041 (10.0.19041.804)
Time: Sat May 15 11:39:36 2021 Hora estándar de Argentina elapsed time: 236.279852 seconds (0d 0h 3m 56s)

---------------  T H R E A D  ---------------

Current thread (0x0000018c4bc02000):  VMThread "VM Thread" [stack: 0x000000735eb00000,0x000000735ec00000] [id=10180]

Stack: [0x000000735eb00000,0x000000735ec00000]
[error occurred during error reporting (printing stack bounds), id 0xc0000005, EXCEPTION_ACCESS_VIOLATION (0xc0000005) at pc=0x0000018c37430f2d]

Native frames: (J=compiled Java code, j=interpreted, Vv=VM code, C=native code)
V  [jvm.dll+0x5f35ea]
V  [jvm.dll+0x77c65e]
V  [jvm.dll+0x77dd2f]
V  [jvm.dll+0x77e355]
V  [jvm.dll+0x77e30b]
V  [jvm.dll+0x5f2ad3]
V  [jvm.dll+0x5f31e8]
C  [ntdll.dll+0xa1f6f]
C  [ntdll.dll+0x51454]
C  [ntdll.dll+0xa0a9e]
C  0x0000018c37430f2d

VM_Operation (0x000000735f5ff3f0): GetOrSetLocal, mode: safepoint, requested by thread 0x0000018c4c08d000


---------------  P R O C E S S  ---------------

Threads class SMR info:
_java_thread_list=0x0000018c4c066420, length=13, elements={
0x0000018c2ed39800, 0x0000018c4bc24800, 0x0000018c4bc2e000, 0x0000018c4bc8f800,
0x0000018c4bc91800, 0x0000018c4bc93000, 0x0000018c4bc46000, 0x0000018c4bc47000,
0x0000018c4bca3800, 0x0000018c4bbc3800, 0x0000018c4c08d000, 0x0000018c4c05e000,
0x0000018c4c063000
}
_to_delete_list=0x0000018c4c065ee0, length=12, elements={
0x0000018c2ed39800, 0x0000018c4bc24800, 0x0000018c4bc2e000, 0x0000018c4bc8f800,
0x0000018c4bc91800, 0x0000018c4bc93000, 0x0000018c4bc46000, 0x0000018c4bc47000,
0x0000018c4bca3800, 0x0000018c4bbc3800, 0x0000018c4c08d000, 0x0000018c4c05e000
}

Java Threads: ( => current thread )
  0x0000018c2ed39800 JavaThread "main" [_thread_blocked, id=9920, stack(0x000000735e500000,0x000000735e600000)]
  0x0000018c4bc24800 JavaThread "Reference Handler" daemon [_thread_blocked, id=2752, stack(0x000000735ec00000,0x000000735ed00000)]
  0x0000018c4bc2e000 JavaThread "Finalizer" daemon [_thread_blocked, id=8168, stack(0x000000735ed00000,0x000000735ee00000)]
  0x0000018c4bc8f800 JavaThread "Signal Dispatcher" daemon [_thread_blocked, id=7136, stack(0x000000735ee00000,0x000000735ef00000)]
  0x0000018c4bc91800 JavaThread "Attach Listener" daemon [_thread_blocked, id=8276, stack(0x000000735ef00000,0x000000735f000000)]
  0x0000018c4bc93000 JavaThread "Service Thread" daemon [_thread_blocked, id=3408, stack(0x000000735f000000,0x000000735f100000)]
  0x0000018c4bc46000 JavaThread "C2 CompilerThread0" daemon [_thread_blocked, id=7224, stack(0x000000735f100000,0x000000735f200000)]
  0x0000018c4bc47000 JavaThread "C1 CompilerThread0" daemon [_thread_blocked, id=4496, stack(0x000000735f200000,0x000000735f300000)]
  0x0000018c4bca3800 JavaThread "Sweeper thread" daemon [_thread_blocked, id=5936, stack(0x000000735f300000,0x000000735f400000)]
  0x0000018c4bbc3800 JavaThread "Common-Cleaner" daemon [_thread_blocked, id=1228, stack(0x000000735f400000,0x000000735f500000)]
  0x0000018c4c08d000 JavaThread "JDWP Transport Listener: dt_socket" daemon [_thread_blocked, id=7032, stack(0x000000735f500000,0x000000735f600000)] _threads_hazard_ptr=0x0000018c4c066420
  0x0000018c4c05e000 JavaThread "JDWP Event Helper Thread" daemon [_thread_blocked, id=4884, stack(0x000000735f600000,0x000000735f700000)]
  0x0000018c4c063000 JavaThread "JDWP Command Reader" daemon [_thread_in_native, id=1692, stack(0x000000735f700000,0x000000735f800000)]

Other Threads:
=>0x0000018c4bc02000 VMThread "VM Thread" [stack: 0x000000735eb00000,0x000000735ec00000] [id=10180]
  0x0000018c4c080000 WatcherThread [stack: 0x000000735f800000,0x000000735f900000] [id=1084]
  0x0000018c2ed51000 GCTaskThread "GC Thread#0" [stack: 0x000000735e600000,0x000000735e700000] [id=3292]
  0x0000018c2ed6c800 ConcurrentGCThread "G1 Main Marker" [stack: 0x000000735e700000,0x000000735e800000] [id=6332]
  0x0000018c2ed6d800 ConcurrentGCThread "G1 Conc#0" [stack: 0x000000735e800000,0x000000735e900000] [id=9112]
  0x0000018c2edb9000 ConcurrentGCThread "G1 Refine#0" [stack: 0x000000735e900000,0x000000735ea00000] [id=752]
  0x0000018c2edbb000 ConcurrentGCThread "G1 Young RemSet Sampling" [stack: 0x000000735ea00000,0x000000735eb00000] [id=3868]

Threads with active compile tasks:

VM state:at safepoint (normal execution)

VM Mutex/Monitor currently owned by a thread:  ([mutex/lock_event])
[0x0000018c2ed35980] Threads_lock - owner thread: 0x0000018c4bc02000

Heap address: 0x00000000c3600000, size: 970 MB, Compressed Oops mode: 32-bit
Narrow klass base: 0x0000000000000000, Narrow klass shift: 3
Compressed class space size: 1073741824 Address: 0x0000000100000000

Heap:
 garbage-first heap   total 63488K, used 4096K [0x00000000c3600000, 0x0000000100000000)
  region size 1024K, 5 young (5120K), 0 survivors (0K)
 Metaspace       used 9259K, capacity 9398K, committed 9600K, reserved 1058816K
  class space    used 833K, capacity 879K, committed 896K, reserved 1048576K
Heap Regions: E=young(eden), S=young(survivor), O=old, HS=humongous(starts), HC=humongous(continues), CS=collection set, F=free, A=archive, TAMS=top-at-mark-start (previous, next)
|   0|0x00000000c3600000, 0x00000000c3600000, 0x00000000c3700000|  0%| F|  |TAMS 0x00000000c3600000, 0x00000000c3600000| Untracked 
|   1|0x00000000c3700000, 0x00000000c3700000, 0x00000000c3800000|  0%| F|  |TAMS 0x00000000c3700000, 0x00000000c3700000| Untracked 
|   2|0x00000000c3800000, 0x00000000c3800000, 0x00000000c3900000|  0%| F|  |TAMS 0x00000000c3800000, 0x00000000c3800000| Untracked 
|   3|0x00000000c3900000, 0x00000000c3900000, 0x00000000c3a00000|  0%| F|  |TAMS 0x00000000c3900000, 0x00000000c3900000| Untracked 
|   4|0x00000000c3a00000, 0x00000000c3a00000, 0x00000000c3b00000|  0%| F|  |TAMS 0x00000000c3a00000, 0x00000000c3a00000| Untracked 
|   5|0x00000000c3b00000, 0x00000000c3b00000, 0x00000000c3c00000|  0%| F|  |TAMS 0x00000000c3b00000, 0x00000000c3b00000| Untracked 
|   6|0x00000000c3c00000, 0x00000000c3c00000, 0x00000000c3d00000|  0%| F|  |TAMS 0x00000000c3c00000, 0x00000000c3c00000| Untracked 
|   7|0x00000000c3d00000, 0x00000000c3d00000, 0x00000000c3e00000|  0%| F|  |TAMS 0x00000000c3d00000, 0x00000000c3d00000| Untracked 
|   8|0x00000000c3e00000, 0x00000000c3e00000, 0x00000000c3f00000|  0%| F|  |TAMS 0x00000000c3e00000, 0x00000000c3e00000| Untracked 
|   9|0x00000000c3f00000, 0x00000000c3f00000, 0x00000000c4000000|  0%| F|  |TAMS 0x00000000c3f00000, 0x00000000c3f00000| Untracked 
|  10|0x00000000c4000000, 0x00000000c4000000, 0x00000000c4100000|  0%| F|  |TAMS 0x00000000c4000000, 0x00000000c4000000| Untracked 
|  11|0x00000000c4100000, 0x00000000c4100000, 0x00000000c4200000|  0%| F|  |TAMS 0x00000000c4100000, 0x00000000c4100000| Untracked 
|  12|0x00000000c4200000, 0x00000000c4200000, 0x00000000c4300000|  0%| F|  |TAMS 0x00000000c4200000, 0x00000000c4200000| Untracked 
|  13|0x00000000c4300000, 0x00000000c4300000, 0x00000000c4400000|  0%| F|  |TAMS 0x00000000c4300000, 0x00000000c4300000| Untracked 
|  14|0x00000000c4400000, 0x00000000c4400000, 0x00000000c4500000|  0%| F|  |TAMS 0x00000000c4400000, 0x00000000c4400000| Untracked 
|  15|0x00000000c4500000, 0x00000000c4500000, 0x00000000c4600000|  0%| F|  |TAMS 0x00000000c4500000, 0x00000000c4500000| Untracked 
|  16|0x00000000c4600000, 0x00000000c4600000, 0x00000000c4700000|  0%| F|  |TAMS 0x00000000c4600000, 0x00000000c4600000| Untracked 
|  17|0x00000000c4700000, 0x00000000c4700000, 0x00000000c4800000|  0%| F|  |TAMS 0x00000000c4700000, 0x00000000c4700000| Untracked 
|  18|0x00000000c4800000, 0x00000000c4800000, 0x00000000c4900000|  0%| F|  |TAMS 0x00000000c4800000, 0x00000000c4800000| Untracked 
|  19|0x00000000c4900000, 0x00000000c4900000, 0x00000000c4a00000|  0%| F|  |TAMS 0x00000000c4900000, 0x00000000c4900000| Untracked 
|  20|0x00000000c4a00000, 0x00000000c4a00000, 0x00000000c4b00000|  0%| F|  |TAMS 0x00000000c4a00000, 0x00000000c4a00000| Untracked 
|  21|0x00000000c4b00000, 0x00000000c4b00000, 0x00000000c4c00000|  0%| F|  |TAMS 0x00000000c4b00000, 0x00000000c4b00000| Untracked 
|  22|0x00000000c4c00000, 0x00000000c4c00000, 0x00000000c4d00000|  0%| F|  |TAMS 0x00000000c4c00000, 0x00000000c4c00000| Untracked 
|  23|0x00000000c4d00000, 0x00000000c4d00000, 0x00000000c4e00000|  0%| F|  |TAMS 0x00000000c4d00000, 0x00000000c4d00000| Untracked 
|  24|0x00000000c4e00000, 0x00000000c4e00000, 0x00000000c4f00000|  0%| F|  |TAMS 0x00000000c4e00000, 0x00000000c4e00000| Untracked 
|  25|0x00000000c4f00000, 0x00000000c4f00000, 0x00000000c5000000|  0%| F|  |TAMS 0x00000000c4f00000, 0x00000000c4f00000| Untracked 
|  26|0x00000000c5000000, 0x00000000c5000000, 0x00000000c5100000|  0%| F|  |TAMS 0x00000000c5000000, 0x00000000c5000000| Untracked 
|  27|0x00000000c5100000, 0x00000000c5100000, 0x00000000c5200000|  0%| F|  |TAMS 0x00000000c5100000, 0x00000000c5100000| Untracked 
|  28|0x00000000c5200000, 0x00000000c5200000, 0x00000000c5300000|  0%| F|  |TAMS 0x00000000c5200000, 0x00000000c5200000| Untracked 
|  29|0x00000000c5300000, 0x00000000c5300000, 0x00000000c5400000|  0%| F|  |TAMS 0x00000000c5300000, 0x00000000c5300000| Untracked 
|  30|0x00000000c5400000, 0x00000000c5400000, 0x00000000c5500000|  0%| F|  |TAMS 0x00000000c5400000, 0x00000000c5400000| Untracked 
|  31|0x00000000c5500000, 0x00000000c5500000, 0x00000000c5600000|  0%| F|  |TAMS 0x00000000c5500000, 0x00000000c5500000| Untracked 
|  32|0x00000000c5600000, 0x00000000c5600000, 0x00000000c5700000|  0%| F|  |TAMS 0x00000000c5600000, 0x00000000c5600000| Untracked 
|  33|0x00000000c5700000, 0x00000000c5700000, 0x00000000c5800000|  0%| F|  |TAMS 0x00000000c5700000, 0x00000000c5700000| Untracked 
|  34|0x00000000c5800000, 0x00000000c5800000, 0x00000000c5900000|  0%| F|  |TAMS 0x00000000c5800000, 0x00000000c5800000| Untracked 
|  35|0x00000000c5900000, 0x00000000c5900000, 0x00000000c5a00000|  0%| F|  |TAMS 0x00000000c5900000, 0x00000000c5900000| Untracked 
|  36|0x00000000c5a00000, 0x00000000c5a00000, 0x00000000c5b00000|  0%| F|  |TAMS 0x00000000c5a00000, 0x00000000c5a00000| Untracked 
|  37|0x00000000c5b00000, 0x00000000c5b00000, 0x00000000c5c00000|  0%| F|  |TAMS 0x00000000c5b00000, 0x00000000c5b00000| Untracked 
|  38|0x00000000c5c00000, 0x00000000c5c00000, 0x00000000c5d00000|  0%| F|  |TAMS 0x00000000c5c00000, 0x00000000c5c00000| Untracked 
|  39|0x00000000c5d00000, 0x00000000c5d00000, 0x00000000c5e00000|  0%| F|  |TAMS 0x00000000c5d00000, 0x00000000c5d00000| Untracked 
|  40|0x00000000c5e00000, 0x00000000c5e00000, 0x00000000c5f00000|  0%| F|  |TAMS 0x00000000c5e00000, 0x00000000c5e00000| Untracked 
|  41|0x00000000c5f00000, 0x00000000c5f00000, 0x00000000c6000000|  0%| F|  |TAMS 0x00000000c5f00000, 0x00000000c5f00000| Untracked 
|  42|0x00000000c6000000, 0x00000000c6000000, 0x00000000c6100000|  0%| F|  |TAMS 0x00000000c6000000, 0x00000000c6000000| Untracked 
|  43|0x00000000c6100000, 0x00000000c6100000, 0x00000000c6200000|  0%| F|  |TAMS 0x00000000c6100000, 0x00000000c6100000| Untracked 
|  44|0x00000000c6200000, 0x00000000c6200000, 0x00000000c6300000|  0%| F|  |TAMS 0x00000000c6200000, 0x00000000c6200000| Untracked 
|  45|0x00000000c6300000, 0x00000000c6300000, 0x00000000c6400000|  0%| F|  |TAMS 0x00000000c6300000, 0x00000000c6300000| Untracked 
|  46|0x00000000c6400000, 0x00000000c6400000, 0x00000000c6500000|  0%| F|  |TAMS 0x00000000c6400000, 0x00000000c6400000| Untracked 
|  47|0x00000000c6500000, 0x00000000c6500000, 0x00000000c6600000|  0%| F|  |TAMS 0x00000000c6500000, 0x00000000c6500000| Untracked 
|  48|0x00000000c6600000, 0x00000000c6600000, 0x00000000c6700000|  0%| F|  |TAMS 0x00000000c6600000, 0x00000000c6600000| Untracked 
|  49|0x00000000c6700000, 0x00000000c6700000, 0x00000000c6800000|  0%| F|  |TAMS 0x00000000c6700000, 0x00000000c6700000| Untracked 
|  50|0x00000000c6800000, 0x00000000c6800000, 0x00000000c6900000|  0%| F|  |TAMS 0x00000000c6800000, 0x00000000c6800000| Untracked 
|  51|0x00000000c6900000, 0x00000000c6900000, 0x00000000c6a00000|  0%| F|  |TAMS 0x00000000c6900000, 0x00000000c6900000| Untracked 
|  52|0x00000000c6a00000, 0x00000000c6a00000, 0x00000000c6b00000|  0%| F|  |TAMS 0x00000000c6a00000, 0x00000000c6a00000| Untracked 
|  53|0x00000000c6b00000, 0x00000000c6b00000, 0x00000000c6c00000|  0%| F|  |TAMS 0x00000000c6b00000, 0x00000000c6b00000| Untracked 
|  54|0x00000000c6c00000, 0x00000000c6c00000, 0x00000000c6d00000|  0%| F|  |TAMS 0x00000000c6c00000, 0x00000000c6c00000| Untracked 
|  55|0x00000000c6d00000, 0x00000000c6d00000, 0x00000000c6e00000|  0%| F|  |TAMS 0x00000000c6d00000, 0x00000000c6d00000| Untracked 
|  56|0x00000000c6e00000, 0x00000000c6e00000, 0x00000000c6f00000|  0%| F|  |TAMS 0x00000000c6e00000, 0x00000000c6e00000| Untracked 
|  57|0x00000000c6f00000, 0x00000000c6fca7b8, 0x00000000c7000000| 79%| E|  |TAMS 0x00000000c6f00000, 0x00000000c6f00000| Complete 
|  58|0x00000000c7000000, 0x00000000c7100000, 0x00000000c7100000|100%| E|CS|TAMS 0x00000000c7000000, 0x00000000c7000000| Complete 
|  59|0x00000000c7100000, 0x00000000c7200000, 0x00000000c7200000|100%| E|CS|TAMS 0x00000000c7100000, 0x00000000c7100000| Complete 
|  60|0x00000000c7200000, 0x00000000c7300000, 0x00000000c7300000|100%| E|CS|TAMS 0x00000000c7200000, 0x00000000c7200000| Complete 
|  61|0x00000000c7300000, 0x00000000c7400000, 0x00000000c7400000|100%| E|CS|TAMS 0x00000000c7300000, 0x00000000c7300000| Complete 

Card table byte_map: [0x0000018c46c40000,0x0000018c46e30000] _byte_map_base: 0x0000018c46625000

Marking Bits (Prev, Next): (CMBitMap*) 0x0000018c2ed67a88, (CMBitMap*) 0x0000018c2ed67ac0
 Prev Bits: [0x0000018c47020000, 0x0000018c47f48000)
 Next Bits: [0x0000018c47f50000, 0x0000018c48e78000)

Polling page: 0x0000018c2d330000

Metaspace:

Usage:
  Non-class:      8.32 MB capacity,     8.23 MB ( 99%) used,    84.97 KB ( <1%) free+waste,     8.00 KB ( <1%) overhead. 
      Class:    879.00 KB capacity,   833.88 KB ( 95%) used,    41.75 KB (  5%) free+waste,     3.38 KB ( <1%) overhead. 
       Both:      9.18 MB capacity,     9.04 MB ( 99%) used,   126.72 KB (  1%) free+waste,    11.38 KB ( <1%) overhead. 

Virtual space:
  Non-class space:       10.00 MB reserved,       8.50 MB ( 85%) committed 
      Class space:        1.00 GB reserved,     896.00 KB ( <1%) committed 
             Both:        1.01 GB reserved,       9.38 MB ( <1%) committed 

Chunk freelists:
   Non-Class:  57.00 KB
       Class:  17.00 KB
        Both:  74.00 KB

MaxMetaspaceSize: 17179869184.00 GB
CompressedClassSpaceSize: 1.00 GB

CodeHeap 'non-profiled nmethods': size=120064Kb used=111Kb max_used=111Kb free=119952Kb
 bounds [0x0000018c3eef0000, 0x0000018c3f160000, 0x0000018c46430000]
CodeHeap 'profiled nmethods': size=120000Kb used=611Kb max_used=611Kb free=119388Kb
 bounds [0x0000018c379c0000, 0x0000018c37c30000, 0x0000018c3eef0000]
CodeHeap 'non-nmethods': size=5696Kb used=1151Kb max_used=1164Kb free=4544Kb
 bounds [0x0000018c37430000, 0x0000018c376a0000, 0x0000018c379c0000]
 total_blobs=779 nmethods=413 adapters=286
 compilation: enabled
              stopped_count=0, restarted_count=0
 full_count=0

Compilation events (20 events):
Event: 1.187 Thread 0x0000018c4bc47000  404       3       sun.security.x509.X509CertImpl::getEncodedInternal (20 bytes)
Event: 1.188 Thread 0x0000018c4bc47000 nmethod 404 0x0000018c37a55690 code [0x0000018c37a55880, 0x0000018c37a55d98]
Event: 51.566 Thread 0x0000018c4bc47000  405       3       org.eclipse.jdt.launching.internal.org.objectweb.asm.ClassReader::readUnsignedShort (26 bytes)
Event: 51.567 Thread 0x0000018c4bc47000 nmethod 405 0x0000018c37a55f10 code [0x0000018c37a560c0, 0x0000018c37a56218]
Event: 91.906 Thread 0x0000018c4bc47000  406       3       org.eclipse.jdt.launching.internal.org.objectweb.asm.ClassReader::readUtf (44 bytes)
Event: 91.913 Thread 0x0000018c4bc47000 nmethod 406 0x0000018c37a56310 code [0x0000018c37a56500, 0x0000018c37a56988]
Event: 137.662 Thread 0x0000018c4bc47000  407       3       java.lang.String::<init> (74 bytes)
Event: 137.670 Thread 0x0000018c4bc47000 nmethod 407 0x0000018c37a56c10 code [0x0000018c37a56e20, 0x0000018c37a57498]
Event: 137.670 Thread 0x0000018c4bc47000  408       3       java.lang.StringUTF16::compress (20 bytes)
Event: 137.670 Thread 0x0000018c4bc47000 nmethod 408 0x0000018c37a57790 code [0x0000018c37a57960, 0x0000018c37a57b88]
Event: 137.671 Thread 0x0000018c4bc47000  409       3       java.lang.String::<init> (14 bytes)
Event: 137.671 Thread 0x0000018c4bc47000 nmethod 409 0x0000018c37a57c90 code [0x0000018c37a57e60, 0x0000018c37a58058]
Event: 230.477 Thread 0x0000018c4bc47000  410       3       org.eclipse.jdt.launching.internal.org.objectweb.asm.ClassReader::getItem (7 bytes)
Event: 230.478 Thread 0x0000018c4bc47000 nmethod 410 0x0000018c37a58190 code [0x0000018c37a58340, 0x0000018c37a58478]
Event: 230.478 Thread 0x0000018c4bc47000  411       3       org.eclipse.jdt.launching.internal.org.objectweb.asm.SymbolTable::hash (10 bytes)
Event: 230.478 Thread 0x0000018c4bc46000  413       4       java.lang.String::charAt (25 bytes)
Event: 230.478 Thread 0x0000018c4bc47000 nmethod 411 0x0000018c37a58590 code [0x0000018c37a58740, 0x0000018c37a58868]
Event: 230.478 Thread 0x0000018c4bc47000  412       3       org.eclipse.jdt.launching.internal.org.objectweb.asm.Symbol::<init> (38 bytes)
Event: 230.485 Thread 0x0000018c4bc47000 nmethod 412 0x0000018c37a58990 code [0x0000018c37a58b40, 0x0000018c37a58dd8]
Event: 230.489 Thread 0x0000018c4bc46000 nmethod 413 0x0000018c3ef0ba90 code [0x0000018c3ef0bc40, 0x0000018c3ef0bda8]

GC Heap History (0 events):
No events

Deoptimization events (20 events):
Event: 1.145 Thread 0x0000018c2ed39800 DEOPT PACKING pc=0x0000018c37a42601 sp=0x000000735e5fb130
Event: 1.145 Thread 0x0000018c2ed39800 DEOPT UNPACKING pc=0x0000018c3746c14e sp=0x000000735e5fa5f8 mode 0
Event: 1.146 Thread 0x0000018c2ed39800 DEOPT PACKING pc=0x0000018c37a42601 sp=0x000000735e5fb130
Event: 1.146 Thread 0x0000018c2ed39800 DEOPT UNPACKING pc=0x0000018c3746c14e sp=0x000000735e5fa5f8 mode 0
Event: 1.150 Thread 0x0000018c2ed39800 DEOPT PACKING pc=0x0000018c37a42601 sp=0x000000735e5fb130
Event: 1.150 Thread 0x0000018c2ed39800 DEOPT UNPACKING pc=0x0000018c3746c14e sp=0x000000735e5fa5f8 mode 0
Event: 1.150 Thread 0x0000018c2ed39800 DEOPT PACKING pc=0x0000018c37a42601 sp=0x000000735e5fb130
Event: 1.150 Thread 0x0000018c2ed39800 DEOPT UNPACKING pc=0x0000018c3746c14e sp=0x000000735e5fa5f8 mode 0
Event: 1.151 Thread 0x0000018c2ed39800 DEOPT PACKING pc=0x0000018c37a42601 sp=0x000000735e5fb130
Event: 1.151 Thread 0x0000018c2ed39800 DEOPT UNPACKING pc=0x0000018c3746c14e sp=0x000000735e5fa5f8 mode 0
Event: 1.151 Thread 0x0000018c2ed39800 DEOPT PACKING pc=0x0000018c37a42601 sp=0x000000735e5fb130
Event: 1.151 Thread 0x0000018c2ed39800 DEOPT UNPACKING pc=0x0000018c3746c14e sp=0x000000735e5fa5f8 mode 0
Event: 1.159 Thread 0x0000018c2ed39800 DEOPT PACKING pc=0x0000018c37a42601 sp=0x000000735e5fc480
Event: 1.159 Thread 0x0000018c2ed39800 DEOPT UNPACKING pc=0x0000018c3746c14e sp=0x000000735e5fb948 mode 0
Event: 1.160 Thread 0x0000018c2ed39800 DEOPT PACKING pc=0x0000018c37a42601 sp=0x000000735e5fc480
Event: 1.160 Thread 0x0000018c2ed39800 DEOPT UNPACKING pc=0x0000018c3746c14e sp=0x000000735e5fb948 mode 0
Event: 1.160 Thread 0x0000018c2ed39800 DEOPT PACKING pc=0x0000018c37a42601 sp=0x000000735e5fc480
Event: 1.160 Thread 0x0000018c2ed39800 DEOPT UNPACKING pc=0x0000018c3746c14e sp=0x000000735e5fb948 mode 0
Event: 1.165 Thread 0x0000018c2ed39800 DEOPT PACKING pc=0x0000018c37a42601 sp=0x000000735e5fb0b0
Event: 1.165 Thread 0x0000018c2ed39800 DEOPT UNPACKING pc=0x0000018c3746c14e sp=0x000000735e5fa578 mode 0

Classes redefined (5 events):
Event: 51.570 Thread 0x0000018c4bc02000 redefined class name=tp.Recursion, count=1
Event: 68.038 Thread 0x0000018c4bc02000 redefined class name=tp.Recursion, count=2
Event: 91.911 Thread 0x0000018c4bc02000 redefined class name=tp.Recursion, count=3
Event: 137.668 Thread 0x0000018c4bc02000 redefined class name=tp.Recursion, count=4
Event: 230.483 Thread 0x0000018c4bc02000 redefined class name=tp.Recursion, count=5

Internal exceptions (3 events):
Event: 0.391 Thread 0x0000018c2ed39800 Exception <a 'java/lang/NoSuchMethodError'{0x00000000c721d190}: 'int java.lang.invoke.DirectMethodHandle$Holder.invokeSpecial(java.lang.Object, java.lang.Object, java.lang.Object, java.lang.Object)'> (0x00000000c721d190) thrown at [./src/hotspot/share/interpreter/linkResolver.cpp, line 773]
Event: 0.400 Thread 0x0000018c2ed39800 Exception <a 'java/lang/NoSuchMethodError'{0x00000000c72255c0}: 'void java.lang.invoke.DirectMethodHandle$Holder.invokeVirtual(java.lang.Object, java.lang.Object)'> (0x00000000c72255c0) thrown at [./src/hotspot/share/interpreter/linkResolver.cpp, line 773]
Event: 124.683 Thread 0x0000018c2ed39800 Exception <a 'java/lang/ArrayIndexOutOfBoundsException'{0x00000000c6fba150}: Index 4 out of bounds for length 4> (0x00000000c6fba150) thrown at [./src/hotspot/share/interpreter/interpreterRuntime.cpp, line 444]

Events (20 events):
Event: 235.893 Executing VM operation: GetFrameCount done
Event: 235.893 Executing VM operation: GetOwnedMonitorInfo
Event: 235.893 Executing VM operation: GetOwnedMonitorInfo done
Event: 235.894 Executing VM operation: GetCurrentContendedMonitor
Event: 235.894 Executing VM operation: GetCurrentContendedMonitor done
Event: 235.894 Executing VM operation: GetOwnedMonitorInfo
Event: 235.894 Executing VM operation: GetOwnedMonitorInfo done
Event: 235.895 Executing VM operation: GetCurrentContendedMonitor
Event: 235.895 Executing VM operation: GetCurrentContendedMonitor done
Event: 235.897 Executing VM operation: GetCurrentContendedMonitor
Event: 235.897 Executing VM operation: GetCurrentContendedMonitor done
Event: 235.897 Executing VM operation: GetOwnedMonitorInfo
Event: 235.898 Executing VM operation: GetOwnedMonitorInfo done
Event: 235.977 Executing VM operation: GetFrameCount
Event: 235.977 Executing VM operation: GetFrameCount done
Event: 235.978 Executing VM operation: GetOwnedMonitorInfo
Event: 235.978 Executing VM operation: GetOwnedMonitorInfo done
Event: 235.978 Executing VM operation: GetCurrentContendedMonitor
Event: 235.978 Executing VM operation: GetCurrentContendedMonitor done
Event: 236.234 Executing VM operation: GetOrSetLocal


Dynamic libraries:
0x00007ff6799a0000 - 0x00007ff6799ad000 	C:\Users\marco\AppData\Local\Programs\AdoptOpenJDK\jdk-11.0.10.9-hotspot\bin\javaw.exe
0x00007ffc02fd0000 - 0x00007ffc031c5000 	C:\Windows\SYSTEM32\ntdll.dll
0x00007ffc020f0000 - 0x00007ffc021ad000 	C:\Windows\System32\KERNEL32.DLL
0x00007ffc00c90000 - 0x00007ffc00f59000 	C:\Windows\System32\KERNELBASE.dll
0x00007ffc00ae0000 - 0x00007ffc00be0000 	C:\Windows\System32\ucrtbase.dll
0x00007ffbfc270000 - 0x00007ffbfc285000 	C:\Users\marco\AppData\Local\Programs\AdoptOpenJDK\jdk-11.0.10.9-hotspot\bin\VCRUNTIME140.dll
0x00007ffbefe70000 - 0x00007ffbefe87000 	C:\Users\marco\AppData\Local\Programs\AdoptOpenJDK\jdk-11.0.10.9-hotspot\bin\jli.dll
0x00007ffc02760000 - 0x00007ffc02900000 	C:\Windows\System32\USER32.dll
0x00007ffbeebe0000 - 0x00007ffbeee7a000 	C:\Windows\WinSxS\amd64_microsoft.windows.common-controls_6595b64144ccf1df_6.0.19041.844_none_ca00b6081b84eb1d\COMCTL32.dll
0x00007ffc009e0000 - 0x00007ffc00a02000 	C:\Windows\System32\win32u.dll
0x00007ffc021b0000 - 0x00007ffc021da000 	C:\Windows\System32\GDI32.dll
0x00007ffc02e50000 - 0x00007ffc02eee000 	C:\Windows\System32\msvcrt.dll
0x00007ffc008d0000 - 0x00007ffc009db000 	C:\Windows\System32\gdi32full.dll
0x00007ffc00a40000 - 0x00007ffc00add000 	C:\Windows\System32\msvcp_win.dll
0x00007ffc01870000 - 0x00007ffc018a0000 	C:\Windows\System32\IMM32.DLL
0x00007ffbef220000 - 0x00007ffbef2bb000 	C:\Users\marco\AppData\Local\Programs\AdoptOpenJDK\jdk-11.0.10.9-hotspot\bin\msvcp140.dll
0x00007ffbc8390000 - 0x00007ffbc8ed3000 	C:\Users\marco\AppData\Local\Programs\AdoptOpenJDK\jdk-11.0.10.9-hotspot\bin\server\jvm.dll
0x00007ffc029c0000 - 0x00007ffc02a6c000 	C:\Windows\System32\ADVAPI32.dll
0x00007ffc02c00000 - 0x00007ffc02c9c000 	C:\Windows\System32\sechost.dll
0x00007ffc01900000 - 0x00007ffc01a2b000 	C:\Windows\System32\RPCRT4.dll
0x00007ffc02550000 - 0x00007ffc02558000 	C:\Windows\System32\PSAPI.DLL
0x00007ffbfdf90000 - 0x00007ffbfdf99000 	C:\Windows\SYSTEM32\WSOCK32.dll
0x00007ffbf4f30000 - 0x00007ffbf4f57000 	C:\Windows\SYSTEM32\WINMM.dll
0x00007ffbf13c0000 - 0x00007ffbf13ca000 	C:\Windows\SYSTEM32\VERSION.dll
0x00007ffc02f20000 - 0x00007ffc02f8b000 	C:\Windows\System32\WS2_32.dll
0x00007ffbfe590000 - 0x00007ffbfe5a2000 	C:\Windows\SYSTEM32\kernel.appcore.dll
0x00007ffbfc2e0000 - 0x00007ffbfc2f0000 	C:\Users\marco\AppData\Local\Programs\AdoptOpenJDK\jdk-11.0.10.9-hotspot\bin\verify.dll
0x00007ffbeff60000 - 0x00007ffbf0144000 	C:\Windows\SYSTEM32\DBGHELP.DLL
0x00007ffbeff30000 - 0x00007ffbeff5c000 	C:\Windows\SYSTEM32\dbgcore.DLL
0x00007ffc00fb0000 - 0x00007ffc01030000 	C:\Windows\System32\bcryptPrimitives.dll
0x00007ffbeb200000 - 0x00007ffbeb228000 	C:\Users\marco\AppData\Local\Programs\AdoptOpenJDK\jdk-11.0.10.9-hotspot\bin\java.dll
0x00007ffbfc230000 - 0x00007ffbfc23a000 	C:\Users\marco\AppData\Local\Programs\AdoptOpenJDK\jdk-11.0.10.9-hotspot\bin\jimage.dll
0x00007ffbef300000 - 0x00007ffbef338000 	C:\Users\marco\AppData\Local\Programs\AdoptOpenJDK\jdk-11.0.10.9-hotspot\bin\jdwp.dll
0x00007ffbfc260000 - 0x00007ffbfc26e000 	C:\Users\marco\AppData\Local\Programs\AdoptOpenJDK\jdk-11.0.10.9-hotspot\bin\instrument.dll
0x00007ffbef140000 - 0x00007ffbef157000 	C:\Users\marco\AppData\Local\Programs\AdoptOpenJDK\jdk-11.0.10.9-hotspot\bin\zip.dll
0x00007ffc01030000 - 0x00007ffc01772000 	C:\Windows\System32\SHELL32.dll
0x00007ffbfe870000 - 0x00007ffbff000000 	C:\Windows\SYSTEM32\windows.storage.dll
0x00007ffc021f0000 - 0x00007ffc02545000 	C:\Windows\System32\combase.dll
0x00007ffc00100000 - 0x00007ffc0012c000 	C:\Windows\SYSTEM32\Wldp.dll
0x00007ffc02040000 - 0x00007ffc020ee000 	C:\Windows\System32\SHCORE.dll
0x00007ffc01780000 - 0x00007ffc017d5000 	C:\Windows\System32\shlwapi.dll
0x00007ffc00650000 - 0x00007ffc0066f000 	C:\Windows\SYSTEM32\profapi.dll
0x00007ffbeb1e0000 - 0x00007ffbeb1f9000 	C:\Users\marco\AppData\Local\Programs\AdoptOpenJDK\jdk-11.0.10.9-hotspot\bin\net.dll
0x00007ffbf5180000 - 0x00007ffbf528c000 	C:\Windows\SYSTEM32\WINHTTP.dll
0x00007ffbffe90000 - 0x00007ffbffefa000 	C:\Windows\system32\mswsock.dll
0x00007ffbeb1c0000 - 0x00007ffbeb1d2000 	C:\Users\marco\AppData\Local\Programs\AdoptOpenJDK\jdk-11.0.10.9-hotspot\bin\nio.dll
0x00007ffbefde0000 - 0x00007ffbefdea000 	C:\Users\marco\AppData\Local\Programs\AdoptOpenJDK\jdk-11.0.10.9-hotspot\bin\dt_socket.dll
0x00007ffbffb60000 - 0x00007ffbffc2b000 	C:\Windows\SYSTEM32\DNSAPI.dll
0x00007ffbffb20000 - 0x00007ffbffb5b000 	C:\Windows\SYSTEM32\IPHLPAPI.DLL
0x00007ffc02ef0000 - 0x00007ffc02ef8000 	C:\Windows\System32\NSI.dll
0x0000000073d70000 - 0x0000000073d96000 	C:\Program Files\Bonjour\mdnsNSP.dll
0x00007ffbf5390000 - 0x00007ffbf540f000 	C:\Windows\System32\fwpuclnt.dll
0x00007ffc00a10000 - 0x00007ffc00a37000 	C:\Windows\System32\bcrypt.dll
0x00007ffbf4e90000 - 0x00007ffbf4e9a000 	C:\Windows\System32\rasadhlp.dll

dbghelp: loaded successfully - version: 4.0.5 - missing functions: none
symbol engine: initialized successfully - sym options: 0x614 - pdb path: .;C:\Users\marco\AppData\Local\Programs\AdoptOpenJDK\jdk-11.0.10.9-hotspot\bin;C:\Windows\SYSTEM32;C:\Windows\WinSxS\amd64_microsoft.windows.common-controls_6595b64144ccf1df_6.0.19041.844_none_ca00b6081b84eb1d;C:\Users\marco\AppData\Local\Programs\AdoptOpenJDK\jdk-11.0.10.9-hotspot\bin\server;C:\Program Files\Bonjour

VM Arguments:
jvm_args: -agentlib:jdwp=transport=dt_socket,suspend=y,address=localhost:50538 -javaagent:C:\Users\marco\eclipse\jee-2020-12\eclipse\configuration\org.eclipse.osgi\405\0\.cp\lib\javaagent-shaded.jar -Dfile.encoding=Cp1252 --module-path=C:\Users\marco\OneDrive\Escritorio\workspaceJava\tp\bin -Djdk.module.main=tp 
java_command: tp/tp.Recursion
java_class_path (initial): <not set>
Launcher Type: SUN_STANDARD

[Global flags]
     intx CICompilerCount                          = 3                                         {product} {ergonomic}
     uint ConcGCThreads                            = 1                                         {product} {ergonomic}
     uint G1ConcRefinementThreads                  = 4                                         {product} {ergonomic}
   size_t G1HeapRegionSize                         = 1048576                                   {product} {ergonomic}
    uintx GCDrainStackTargetSize                   = 64                                        {product} {ergonomic}
   size_t InitialHeapSize                          = 65011712                                  {product} {ergonomic}
   size_t MarkStackSize                            = 4194304                                   {product} {ergonomic}
   size_t MaxHeapSize                              = 1017118720                                {product} {ergonomic}
   size_t MaxNewSize                               = 610271232                                 {product} {ergonomic}
   size_t MinHeapDeltaBytes                        = 1048576                                   {product} {ergonomic}
    uintx NonNMethodCodeHeapSize                   = 5830732                                {pd product} {ergonomic}
    uintx NonProfiledCodeHeapSize                  = 122913754                              {pd product} {ergonomic}
    uintx ProfiledCodeHeapSize                     = 122913754                              {pd product} {ergonomic}
    uintx ReservedCodeCacheSize                    = 251658240                              {pd product} {ergonomic}
     bool SegmentedCodeCache                       = true                                      {product} {ergonomic}
     bool UseCompressedClassPointers               = true                                 {lp64_product} {ergonomic}
     bool UseCompressedOops                        = true                                 {lp64_product} {ergonomic}
     bool UseG1GC                                  = true                                      {product} {ergonomic}
     bool UseLargePagesIndividualAllocation        = false                                  {pd product} {ergonomic}

Logging:
Log output configuration:
 #0: stdout all=warning uptime,level,tags
 #1: stderr all=off uptime,level,tags

Environment Variables:
JAVA_HOME=C:\Users\marco\AppData\Local\Programs\AdoptOpenJDK\jdk-11.0.10.9-hotspot\
PATH=C:/Users/marco/AppData/Local/Programs/AdoptOpenJDK/jdk-11.0.10.9-hotspot/bin/client;C:/Users/marco/AppData/Local/Programs/AdoptOpenJDK/jdk-11.0.10.9-hotspot/bin;C:\Program Files (x86)\Common Files\Oracle\Java\javapath;C:\Windows\system32;C:\Windows;C:\Windows\System32\Wbem;C:\Windows\System32\WindowsPowerShell\v1.0\;C:\Windows\System32\OpenSSH\;C:\Program Files\Git\cmd;C:\Program Files\Git\mingw64\bin;C:\Program Files\Git\usr\bin;C:\Users\marco\AppData\Local\Programs\AdoptOpenJDK\jdk-11.0.10.9-hotspot\bin;C:\Users\marco\AppData\Local\Microsoft\WindowsApps;;C:\Users\marco\AppData\Local\Programs\Microsoft VS Code\bin;C:\Windows\system32;
USERNAME=marco
OS=Windows_NT
PROCESSOR_IDENTIFIER=Intel64 Family 6 Model 58 Stepping 9, GenuineIntel



---------------  S Y S T E M  ---------------

OS: Windows 10 , 64 bit Build 19041 (10.0.19041.804)
OS uptime: 0 days 1:56 hours

CPU:total 4 (initial active 4) (2 cores per cpu, 2 threads per core) family 6 model 58 stepping 9 microcode 0x21, cmov, cx8, fxsr, mmx, sse, sse2, sse3, ssse3, sse4.1, sse4.2, popcnt, avx, aes, clmul, erms, ht, tsc, tscinvbit, tscinv

Memory: 4k page, system-wide physical 3877M (624M free)
TotalPageFile size 6181M (AvailPageFile size 1256M)
current process WorkingSet (physical memory assigned to process): 41M, peak: 42M
current process commit charge ("private bytes"): 133M, peak: 135M

vm_info: OpenJDK 64-Bit Server VM (11.0.10+9) for windows-amd64 JRE (11.0.10+9), built on Jan 20 2021 06:07:07 by "" with MS VC++ 15.9 (VS2017)

END.
